# JRE version: Java(TM) SE Runtime Environment (17.0.12+8) (build 17.0.12+8-LTS-286)
# Java VM: Java HotSpot(TM) 64-Bit Server VM (17.0.12+8-LTS-286, mixed mode, sharing, tiered, compressed oops, compressed class ptrs, g1 gc, windows-amd64)
GC Precious Log:
 CPUs: 8 total, 8 available
 Memory: 8034M
 Large Page Support: Disabled
 NUMA Support: Disabled
 Compressed Oops: Enabled (32-bit)
 Heap Region Size: 1M
 Heap Min Capacity: 8M
 Heap Initial Capacity: 126M
 Heap Max Capacity: 2010M
 Pre-touch: Disabled
 Parallel Workers: 8
 Concurrent Workers: 2
 Concurrent Refinement Workers: 8
 Periodic GC: Disabled
Heap:
 garbage-first heap   total 75776K, used 45556K [0x0000000082600000, 0x0000000100000000)
  region size 1024K, 2 young (2048K), 2 survivors (2048K)
 Metaspace       used 53409K, committed 53696K, reserved 1114112K
  class space    used 6466K, committed 6592K, reserved 1048576K
GC Heap History (20 events):
Event: 3.948 GC heap after
{Heap after GC invocations=5 (full 0):
 garbage-first heap   total 55296K, used 17572K [0x0000000082600000, 0x0000000100000000)
  region size 1024K, 3 young (3072K), 3 survivors (3072K)
 Metaspace       used 26418K, committed 26624K, reserved 1114112K
  class space    used 3467K, committed 3520K, reserved 1048576K
}
Event: 3.975 GC heap before
{Heap before GC invocations=5 (full 0):
 garbage-first heap   total 55296K, used 18596K [0x0000000082600000, 0x0000000100000000)
  region size 1024K, 4 young (4096K), 3 survivors (3072K)
 Metaspace       used 26611K, committed 26880K, reserved 1114112K
  class space    used 3483K, committed 3584K, reserved 1048576K
}
Event: 3.988 GC heap after
{Heap after GC invocations=6 (full 0):
 garbage-first heap   total 55296K, used 18098K [0x0000000082600000, 0x0000000100000000)
  region size 1024K, 1 young (1024K), 1 survivors (1024K)
 Metaspace       used 26611K, committed 26880K, reserved 1114112K
  class space    used 3483K, committed 3584K, reserved 1048576K
}
Event: 5.125 GC heap before
{Heap before GC invocations=6 (full 0):
 garbage-first heap   total 55296K, used 39602K [0x0000000082600000, 0x0000000100000000)
  region size 1024K, 23 young (23552K), 1 survivors (1024K)
 Metaspace       used 32304K, committed 32512K, reserved 1114112K
  class space    used 4013K, committed 4096K, reserved 1048576K
}
Event: 5.138 GC heap after
{Heap after GC invocations=7 (full 0):
 garbage-first heap   total 55296K, used 19330K [0x0000000082600000, 0x0000000100000000)
  region size 1024K, 2 young (2048K), 2 survivors (2048K)
 Metaspace       used 32304K, committed 32512K, reserved 1114112K
  class space    used 4013K, committed 4096K, reserved 1048576K
}
Event: 5.743 GC heap before
{Heap before GC invocations=7 (full 0):
 garbage-first heap   total 55296K, used 33666K [0x0000000082600000, 0x0000000100000000)
  region size 1024K, 18 young (18432K), 2 survivors (2048K)
 Metaspace       used 35812K, committed 35968K, reserved 1114112K
  class space    used 4392K, committed 4480K, reserved 1048576K
}
Event: 5.797 GC heap after
{Heap after GC invocations=8 (full 0):
 garbage-first heap   total 110592K, used 20658K [0x0000000082600000, 0x0000000100000000)
  region size 1024K, 2 young (2048K), 2 survivors (2048K)
 Metaspace       used 35812K, committed 35968K, reserved 1114112K
  class space    used 4392K, committed 4480K, reserved 1048576K
}
Event: 7.190 GC heap before
{Heap before GC invocations=9 (full 0):
 garbage-first heap   total 75776K, used 64690K [0x0000000082600000, 0x0000000100000000)
  region size 1024K, 44 young (45056K), 2 survivors (2048K)
 Metaspace       used 43448K, committed 43648K, reserved 1114112K
  class space    used 5333K, committed 5440K, reserved 1048576K
}
Event: 7.203 GC heap after
{Heap after GC invocations=10 (full 0):
 garbage-first heap   total 75776K, used 28271K [0x0000000082600000, 0x0000000100000000)
  region size 1024K, 6 young (6144K), 6 survivors (6144K)
 Metaspace       used 43448K, committed 43648K, reserved 1114112K
  class space    used 5333K, committed 5440K, reserved 1048576K
}
Event: 7.209 GC heap before
{Heap before GC invocations=10 (full 0):
 garbage-first heap   total 75776K, used 28271K [0x0000000082600000, 0x0000000100000000)
  region size 1024K, 7 young (7168K), 6 survivors (6144K)
 Metaspace       used 43452K, committed 43648K, reserved 1114112K
  class space    used 5333K, committed 5440K, reserved 1048576K
}
Event: 7.225 GC heap after
{Heap after GC invocations=11 (full 0):
 garbage-first heap   total 75776K, used 28934K [0x0000000082600000, 0x0000000100000000)
  region size 1024K, 1 young (1024K), 1 survivors (1024K)
 Metaspace       used 43452K, committed 43648K, reserved 1114112K
  class space    used 5333K, committed 5440K, reserved 1048576K
}
Event: 7.674 GC heap before
{Heap before GC invocations=11 (full 0):
 garbage-first heap   total 75776K, used 53510K [0x0000000082600000, 0x0000000100000000)
  region size 1024K, 26 young (26624K), 1 survivors (1024K)
 Metaspace       used 45036K, committed 45312K, reserved 1114112K
  class space    used 5484K, committed 5632K, reserved 1048576K
}
Event: 7.693 GC heap after
{Heap after GC invocations=12 (full 0):
 garbage-first heap   total 75776K, used 35222K [0x0000000082600000, 0x0000000100000000)
  region size 1024K, 4 young (4096K), 4 survivors (4096K)
 Metaspace       used 45036K, committed 45312K, reserved 1114112K
  class space    used 5484K, committed 5632K, reserved 1048576K
}
Event: 8.357 GC heap before
{Heap before GC invocations=12 (full 0):
 garbage-first heap   total 75776K, used 55702K [0x0000000082600000, 0x0000000100000000)
  region size 1024K, 24 young (24576K), 4 survivors (4096K)
 Metaspace       used 49646K, committed 49920K, reserved 1114112K
  class space    used 6107K, committed 6208K, reserved 1048576K
}
Event: 8.370 GC heap after
{Heap after GC invocations=13 (full 0):
 garbage-first heap   total 75776K, used 37757K [0x0000000082600000, 0x0000000100000000)
  region size 1024K, 2 young (2048K), 2 survivors (2048K)
 Metaspace       used 49646K, committed 49920K, reserved 1114112K
  class space    used 6107K, committed 6208K, reserved 1048576K
}
Event: 8.700 GC heap before
{Heap before GC invocations=13 (full 0):
 garbage-first heap   total 75776K, used 57213K [0x0000000082600000, 0x0000000100000000)
  region size 1024K, 21 young (21504K), 2 survivors (2048K)
 Metaspace       used 51086K, committed 51328K, reserved 1114112K
  class space    used 6294K, committed 6400K, reserved 1048576K
}
Event: 8.715 GC heap after
{Heap after GC invocations=14 (full 0):
 garbage-first heap   total 75776K, used 41878K [0x0000000082600000, 0x0000000100000000)
  region size 1024K, 3 young (3072K), 3 survivors (3072K)
 Metaspace       used 51086K, committed 51328K, reserved 1114112K
  class space    used 6294K, committed 6400K, reserved 1048576K
}
Event: 9.279 GC heap before
{Heap before GC invocations=15 (full 0):
 garbage-first heap   total 75776K, used 57238K [0x0000000082600000, 0x0000000100000000)
  region size 1024K, 19 young (19456K), 3 survivors (3072K)
 Metaspace       used 52140K, committed 52480K, reserved 1114112K
  class space    used 6394K, committed 6528K, reserved 1048576K
}
Event: 9.304 GC heap after
{Heap after GC invocations=16 (full 0):
 garbage-first heap   total 75776K, used 43782K [0x0000000082600000, 0x0000000100000000)
  region size 1024K, 3 young (3072K), 3 survivors (3072K)
 Metaspace       used 52140K, committed 52480K, reserved 1114112K
  class space    used 6394K, committed 6528K, reserved 1048576K
}
Event: 9.884 GC heap before
{Heap before GC invocations=16 (full 0):
 garbage-first heap   total 75776K, used 58118K [0x0000000082600000, 0x0000000100000000)
  region size 1024K, 17 young (17408K), 3 survivors (3072K)
 Metaspace       used 53409K, committed 53696K, reserved 1114112K
  class space    used 6466K, committed 6592K, reserved 1048576K
}

